\BOOKMARK [1][-]{section*.4}{Introduction}{}% 1
\BOOKMARK [2][-]{section*.5}{Purpose of study}{section*.4}% 2
\BOOKMARK [2][-]{section*.6}{Research questions}{section*.4}% 3
\BOOKMARK [2][-]{section*.7}{Industry partner}{section*.4}% 4
\BOOKMARK [2][-]{section*.8}{Structure of the thesis}{section*.4}% 5
\BOOKMARK [1][-]{section*.9}{Experiment Design}{}% 6
\BOOKMARK [2][-]{section*.10}{Participants}{section*.9}% 7
\BOOKMARK [2][-]{section*.11}{Apparatus}{section*.9}% 8
\BOOKMARK [3][-]{section*.12}{Laptop computer}{section*.11}% 9
\BOOKMARK [3][-]{section*.13}{fNIRS}{section*.11}% 10
\BOOKMARK [2][-]{section*.14}{Materials}{section*.9}% 11
\BOOKMARK [3][-]{section*.15}{NASA-TLX}{section*.14}% 12
\BOOKMARK [3][-]{section*.16}{Self assessment manikin scale \(SAM\)}{section*.14}% 13
\BOOKMARK [3][-]{section*.17}{Layout variations of web forms}{section*.14}% 14
\BOOKMARK [3][-]{section*.18}{Video capture}{section*.14}% 15
\BOOKMARK [3][-]{section*.19}{Video clips of auto accidents}{section*.14}% 16
\BOOKMARK [2][-]{section*.20}{Design}{section*.9}% 17
\BOOKMARK [2][-]{section*.21}{Procedure}{section*.9}% 18
\BOOKMARK [2][-]{section*.22}{Data Analysis}{section*.9}% 19
\BOOKMARK [3][-]{section*.23}{Signal acquisition}{section*.22}% 20
\BOOKMARK [3][-]{section*.24}{Preprocessing}{section*.22}% 21
\BOOKMARK [3][-]{section*.25}{Feature Extraction/selection}{section*.22}% 22
\BOOKMARK [1][-]{section*.26}{Results}{}% 23
\BOOKMARK [2][-]{section*.27}{Mental Workload}{section*.26}% 24
\BOOKMARK [3][-]{section*.28}{fNIRS data}{section*.27}% 25
\BOOKMARK [3][-]{section*.29}{NASA-TLX}{section*.27}% 26
\BOOKMARK [3][-]{section*.30}{SAM - arousal scale}{section*.27}% 27
\BOOKMARK [2][-]{section*.31}{Emotional Valence}{section*.26}% 28
\BOOKMARK [3][-]{section*.32}{fNIRS differences}{section*.31}% 29
\BOOKMARK [3][-]{section*.35}{SAM emotional valence}{section*.31}% 30
\BOOKMARK [2][-]{section*.38}{User performance and preferences}{section*.26}% 31
\BOOKMARK [3][-]{section*.39}{Task completion time}{section*.38}% 32
\BOOKMARK [3][-]{section*.40}{User preferences from the short-interview question}{section*.38}% 33
\BOOKMARK [1][-]{section*.41}{Conclusions}{}% 34
\BOOKMARK [1][-]{section*.42}{REFERENCES }{}% 35
